2024-03-26 16:22:48,793 - regression_class_books_linear - INFO - Running FSS
2024-03-26 16:22:48,866 - py.warnings - WARNING - /home/cara/anaconda3/envs/redditenv/lib/python3.10/site-packages/numpy/core/_methods.py:269: RuntimeWarning: Degrees of freedom <= 0 for slice
  ret = _var(a, axis=axis, dtype=dtype, out=out, ddof=ddof,

2024-03-26 16:22:48,867 - py.warnings - WARNING - /home/cara/anaconda3/envs/redditenv/lib/python3.10/site-packages/numpy/core/_methods.py:261: RuntimeWarning: invalid value encountered in scalar divide
  ret = ret.dtype.type(ret / rcount)

2024-03-26 16:22:48,870 - py.warnings - WARNING - /home/cara/anaconda3/envs/redditenv/lib/python3.10/site-packages/numpy/core/_methods.py:269: RuntimeWarning: Degrees of freedom <= 0 for slice
  ret = _var(a, axis=axis, dtype=dtype, out=out, ddof=ddof,

2024-03-26 16:22:48,870 - py.warnings - WARNING - /home/cara/anaconda3/envs/redditenv/lib/python3.10/site-packages/numpy/core/_methods.py:261: RuntimeWarning: invalid value encountered in scalar divide
  ret = ret.dtype.type(ret / rcount)

2024-03-26 16:22:48,871 - regression_class_books_linear - INFO - Model 1
2024-03-26 16:22:48,891 - regression_class_books_linear - INFO - Model 2
2024-03-26 16:22:48,907 - regression_class_books_linear - INFO - Model 3
2024-03-26 16:22:48,926 - regression_class_books_linear - INFO - Model 4
2024-03-26 16:22:48,946 - regression_class_books_linear - INFO - Model 5
2024-03-26 16:22:48,969 - regression_class_books_linear - INFO - Model 6
2024-03-26 16:22:48,994 - regression_class_books_linear - INFO - Model 7
2024-03-26 16:22:49,021 - regression_class_books_linear - INFO - Model 8
2024-03-26 16:23:31,359 - py.warnings - WARNING - /home/cara/anaconda3/envs/redditenv/lib/python3.10/site-packages/numpy/core/_methods.py:269: RuntimeWarning: Degrees of freedom <= 0 for slice
  ret = _var(a, axis=axis, dtype=dtype, out=out, ddof=ddof,

2024-03-26 16:23:31,360 - py.warnings - WARNING - /home/cara/anaconda3/envs/redditenv/lib/python3.10/site-packages/numpy/core/_methods.py:261: RuntimeWarning: invalid value encountered in scalar divide
  ret = ret.dtype.type(ret / rcount)

2024-03-26 16:23:31,362 - py.warnings - WARNING - /home/cara/anaconda3/envs/redditenv/lib/python3.10/site-packages/numpy/core/_methods.py:269: RuntimeWarning: Degrees of freedom <= 0 for slice
  ret = _var(a, axis=axis, dtype=dtype, out=out, ddof=ddof,

2024-03-26 16:23:31,362 - py.warnings - WARNING - /home/cara/anaconda3/envs/redditenv/lib/python3.10/site-packages/numpy/core/_methods.py:261: RuntimeWarning: invalid value encountered in scalar divide
  ret = ret.dtype.type(ret / rcount)

