2024-03-26 17:42:58,053 - __main__ - INFO - Start time 2024-03-26 17:42:58.052922, PID 109762
2024-03-26 17:42:58,053 - __main__ - INFO - ## Reading in files ##
2024-03-26 17:42:58,053 - __main__ - INFO -    Regression infile
2024-03-26 17:42:58,072 - __main__ - INFO -    Thread infile
2024-03-26 17:43:01,083 - __main__ - INFO - ## Finished reading in files ##
2024-03-26 17:43:01,083 - __main__ - INFO - ## Deleting irrelevant data ##
2024-03-26 17:43:01,160 - __main__ - INFO - ## Collecting garbage ##
2024-03-26 17:43:01,207 - __main__ - INFO - ## politics ##
2024-03-26 17:43:01,207 - __main__ - INFO -   # logistic #
2024-03-26 17:43:01,207 - __main__ - INFO -        Creating parameter dictionary
2024-03-26 17:43:01,207 - __main__ - INFO -        Created parameter dictionary
2024-03-26 17:43:01,207 - __main__ - INFO -        Running regression
2024-03-26 17:43:01,208 - __main__ - INFO -        handlers added
2024-03-26 17:43:01,208 - __main__ - INFO -        creating RR instance
2024-03-26 17:44:01,415 - __main__ - INFO -        running main
2024-03-26 17:50:22,309 - __main__ - INFO -   Pickling politics_logistic results
2024-03-26 17:50:24,806 - __main__ - INFO -   politics_logistic FINISHED
2024-03-26 17:50:24,806 - __main__ - INFO -        Finished running regression
2024-03-26 17:50:24,806 - __main__ - INFO -   # linear #
2024-03-26 17:50:24,806 - __main__ - INFO -        Creating parameter dictionary
2024-03-26 17:50:24,806 - __main__ - INFO -        Created parameter dictionary
2024-03-26 17:50:24,806 - __main__ - INFO -        Running regression
2024-03-26 17:50:24,806 - __main__ - INFO -        handlers added
2024-03-26 17:50:24,806 - __main__ - INFO -        creating RR instance
2024-03-26 17:51:22,694 - __main__ - INFO -        running main
2024-03-26 17:57:39,807 - __main__ - INFO -   Pickling politics_linear results
2024-03-26 17:57:42,269 - __main__ - INFO -   politics_linear FINISHED
2024-03-26 17:57:42,270 - __main__ - INFO -        Finished running regression
2024-03-26 17:57:42,270 - __main__ - INFO -   # mnlogit #
2024-03-26 17:57:42,270 - __main__ - INFO -        Creating parameter dictionary
2024-03-26 17:57:42,270 - __main__ - INFO -        Created parameter dictionary
2024-03-26 17:57:42,270 - __main__ - INFO -        Running regression
2024-03-26 17:57:42,270 - __main__ - INFO -        handlers added
2024-03-26 17:57:42,270 - __main__ - INFO -        creating RR instance
2024-03-26 17:58:39,920 - __main__ - INFO -        running main
2024-03-26 18:05:00,874 - __main__ - INFO -   Pickling politics_mnlogit results
2024-03-26 18:05:03,365 - __main__ - INFO -   politics_mnlogit FINISHED
2024-03-26 18:05:03,366 - __main__ - INFO -        Finished running regression
2024-03-26 18:05:03,366 - __main__ - INFO -    # Deleting irrelevant data #
2024-03-26 18:05:03,366 - __main__ - INFO -    # Collecting garbage #
2024-03-26 18:05:03,407 - __main__ - INFO - FINISHED at 2024-03-26 18:05:03.407121, time taken 0:22:05.354220
