2024-04-09 16:08:58,370 - regression_class_books_linear - INFO - Running FSS
2024-04-09 16:08:58,460 - py.warnings - WARNING - /home/cara/anaconda3/envs/redditenv/lib/python3.10/site-packages/numpy/core/_methods.py:269: RuntimeWarning: Degrees of freedom <= 0 for slice
  ret = _var(a, axis=axis, dtype=dtype, out=out, ddof=ddof,

2024-04-09 16:08:58,460 - py.warnings - WARNING - /home/cara/anaconda3/envs/redditenv/lib/python3.10/site-packages/numpy/core/_methods.py:261: RuntimeWarning: invalid value encountered in scalar divide
  ret = ret.dtype.type(ret / rcount)

2024-04-09 16:08:58,464 - py.warnings - WARNING - /home/cara/anaconda3/envs/redditenv/lib/python3.10/site-packages/numpy/core/_methods.py:269: RuntimeWarning: Degrees of freedom <= 0 for slice
  ret = _var(a, axis=axis, dtype=dtype, out=out, ddof=ddof,

2024-04-09 16:08:58,464 - py.warnings - WARNING - /home/cara/anaconda3/envs/redditenv/lib/python3.10/site-packages/numpy/core/_methods.py:261: RuntimeWarning: invalid value encountered in scalar divide
  ret = ret.dtype.type(ret / rcount)

2024-04-09 16:08:58,465 - regression_class_books_linear - INFO - Model 1
2024-04-09 16:08:58,485 - regression_class_books_linear - INFO - Model 2
2024-04-09 16:08:58,501 - regression_class_books_linear - INFO - Model 3
2024-04-09 16:08:58,519 - regression_class_books_linear - INFO - Model 4
2024-04-09 16:08:58,540 - regression_class_books_linear - INFO - Model 5
2024-04-09 16:08:58,562 - regression_class_books_linear - INFO - Model 6
2024-04-09 16:08:58,590 - regression_class_books_linear - INFO - Model 7
2024-04-09 16:08:58,616 - regression_class_books_linear - INFO - Model 8
2024-04-09 16:08:58,644 - regression_class_books_linear - INFO - Model 9
2024-04-09 16:08:58,674 - regression_class_books_linear - INFO - Model 10
2024-04-09 16:09:54,296 - py.warnings - WARNING - /home/cara/anaconda3/envs/redditenv/lib/python3.10/site-packages/numpy/core/_methods.py:269: RuntimeWarning: Degrees of freedom <= 0 for slice
  ret = _var(a, axis=axis, dtype=dtype, out=out, ddof=ddof,

2024-04-09 16:09:54,296 - py.warnings - WARNING - /home/cara/anaconda3/envs/redditenv/lib/python3.10/site-packages/numpy/core/_methods.py:261: RuntimeWarning: invalid value encountered in scalar divide
  ret = ret.dtype.type(ret / rcount)

2024-04-09 16:09:54,299 - py.warnings - WARNING - /home/cara/anaconda3/envs/redditenv/lib/python3.10/site-packages/numpy/core/_methods.py:269: RuntimeWarning: Degrees of freedom <= 0 for slice
  ret = _var(a, axis=axis, dtype=dtype, out=out, ddof=ddof,

2024-04-09 16:09:54,299 - py.warnings - WARNING - /home/cara/anaconda3/envs/redditenv/lib/python3.10/site-packages/numpy/core/_methods.py:261: RuntimeWarning: invalid value encountered in scalar divide
  ret = ret.dtype.type(ret / rcount)

