2024-03-26 17:08:44,881 - regression_class_politics_linear - INFO - Running FSS
2024-03-26 17:08:45,002 - py.warnings - WARNING - /home/cara/anaconda3/envs/redditenv/lib/python3.10/site-packages/numpy/core/_methods.py:269: RuntimeWarning: Degrees of freedom <= 0 for slice
  ret = _var(a, axis=axis, dtype=dtype, out=out, ddof=ddof,

2024-03-26 17:08:45,004 - py.warnings - WARNING - /home/cara/anaconda3/envs/redditenv/lib/python3.10/site-packages/numpy/core/_methods.py:261: RuntimeWarning: invalid value encountered in scalar divide
  ret = ret.dtype.type(ret / rcount)

2024-03-26 17:08:45,006 - py.warnings - WARNING - /home/cara/anaconda3/envs/redditenv/lib/python3.10/site-packages/numpy/core/_methods.py:269: RuntimeWarning: Degrees of freedom <= 0 for slice
  ret = _var(a, axis=axis, dtype=dtype, out=out, ddof=ddof,

2024-03-26 17:08:45,009 - py.warnings - WARNING - /home/cara/anaconda3/envs/redditenv/lib/python3.10/site-packages/numpy/core/_methods.py:261: RuntimeWarning: invalid value encountered in scalar divide
  ret = ret.dtype.type(ret / rcount)

2024-03-26 17:08:45,011 - regression_class_politics_linear - INFO - Model 1
2024-03-26 17:08:45,034 - regression_class_politics_linear - INFO - Model 2
2024-03-26 17:08:45,065 - regression_class_politics_linear - INFO - Model 3
2024-03-26 17:08:45,099 - regression_class_politics_linear - INFO - Model 4
2024-03-26 17:08:45,136 - regression_class_politics_linear - INFO - Model 5
2024-03-26 17:08:45,160 - regression_class_politics_linear - INFO - Model 6
2024-03-26 17:08:45,183 - regression_class_politics_linear - INFO - Model 7
2024-03-26 17:08:45,211 - regression_class_politics_linear - INFO - Model 8
2024-03-26 17:15:20,327 - py.warnings - WARNING - /home/cara/anaconda3/envs/redditenv/lib/python3.10/site-packages/numpy/core/_methods.py:269: RuntimeWarning: Degrees of freedom <= 0 for slice
  ret = _var(a, axis=axis, dtype=dtype, out=out, ddof=ddof,

2024-03-26 17:15:20,327 - py.warnings - WARNING - /home/cara/anaconda3/envs/redditenv/lib/python3.10/site-packages/numpy/core/_methods.py:261: RuntimeWarning: invalid value encountered in scalar divide
  ret = ret.dtype.type(ret / rcount)

2024-03-26 17:15:20,329 - py.warnings - WARNING - /home/cara/anaconda3/envs/redditenv/lib/python3.10/site-packages/numpy/core/_methods.py:269: RuntimeWarning: Degrees of freedom <= 0 for slice
  ret = _var(a, axis=axis, dtype=dtype, out=out, ddof=ddof,

2024-03-26 17:15:20,329 - py.warnings - WARNING - /home/cara/anaconda3/envs/redditenv/lib/python3.10/site-packages/numpy/core/_methods.py:261: RuntimeWarning: invalid value encountered in scalar divide
  ret = ret.dtype.type(ret / rcount)

