2024-03-26 21:11:28,796 - regression_class_politics_linear - INFO - Running FSS
2024-03-26 21:11:28,896 - py.warnings - WARNING - /home/cara/anaconda3/envs/redditenv/lib/python3.10/site-packages/numpy/core/_methods.py:269: RuntimeWarning: Degrees of freedom <= 0 for slice
  ret = _var(a, axis=axis, dtype=dtype, out=out, ddof=ddof,

2024-03-26 21:11:28,896 - py.warnings - WARNING - /home/cara/anaconda3/envs/redditenv/lib/python3.10/site-packages/numpy/core/_methods.py:261: RuntimeWarning: invalid value encountered in scalar divide
  ret = ret.dtype.type(ret / rcount)

2024-03-26 21:11:28,898 - py.warnings - WARNING - /home/cara/anaconda3/envs/redditenv/lib/python3.10/site-packages/numpy/core/_methods.py:269: RuntimeWarning: Degrees of freedom <= 0 for slice
  ret = _var(a, axis=axis, dtype=dtype, out=out, ddof=ddof,

2024-03-26 21:11:28,898 - py.warnings - WARNING - /home/cara/anaconda3/envs/redditenv/lib/python3.10/site-packages/numpy/core/_methods.py:261: RuntimeWarning: invalid value encountered in scalar divide
  ret = ret.dtype.type(ret / rcount)

2024-03-26 21:11:28,899 - regression_class_politics_linear - INFO - Model 1
2024-03-26 21:11:28,913 - regression_class_politics_linear - INFO - Model 2
2024-03-26 21:11:28,929 - regression_class_politics_linear - INFO - Model 3
2024-03-26 21:11:28,946 - regression_class_politics_linear - INFO - Model 4
2024-03-26 21:11:28,974 - regression_class_politics_linear - INFO - Model 5
2024-03-26 21:11:28,997 - regression_class_politics_linear - INFO - Model 6
2024-03-26 21:11:29,022 - regression_class_politics_linear - INFO - Model 7
2024-03-26 21:11:29,048 - regression_class_politics_linear - INFO - Model 8
2024-03-26 21:18:57,148 - py.warnings - WARNING - /home/cara/anaconda3/envs/redditenv/lib/python3.10/site-packages/numpy/core/_methods.py:269: RuntimeWarning: Degrees of freedom <= 0 for slice
  ret = _var(a, axis=axis, dtype=dtype, out=out, ddof=ddof,

2024-03-26 21:18:57,148 - py.warnings - WARNING - /home/cara/anaconda3/envs/redditenv/lib/python3.10/site-packages/numpy/core/_methods.py:261: RuntimeWarning: invalid value encountered in scalar divide
  ret = ret.dtype.type(ret / rcount)

2024-03-26 21:18:57,149 - py.warnings - WARNING - /home/cara/anaconda3/envs/redditenv/lib/python3.10/site-packages/numpy/core/_methods.py:269: RuntimeWarning: Degrees of freedom <= 0 for slice
  ret = _var(a, axis=axis, dtype=dtype, out=out, ddof=ddof,

2024-03-26 21:18:57,150 - py.warnings - WARNING - /home/cara/anaconda3/envs/redditenv/lib/python3.10/site-packages/numpy/core/_methods.py:261: RuntimeWarning: invalid value encountered in scalar divide
  ret = ret.dtype.type(ret / rcount)

