2024-03-26 17:42:58,053 - __main__ - INFO - Start time 2024-03-26 17:42:58.052922, PID 109762
2024-03-26 17:42:58,053 - __main__ - INFO - ## Reading in files ##
2024-03-26 17:42:58,053 - __main__ - INFO -    Regression infile
2024-03-26 17:42:58,072 - __main__ - INFO -    Thread infile
2024-03-26 17:43:01,083 - __main__ - INFO - ## Finished reading in files ##
2024-03-26 17:43:01,083 - __main__ - INFO - ## Deleting irrelevant data ##
2024-03-26 17:43:01,160 - __main__ - INFO - ## Collecting garbage ##
2024-03-26 17:43:01,207 - __main__ - INFO - ## politics ##
2024-03-26 17:43:01,207 - __main__ - INFO -   # logistic #
2024-03-26 17:43:01,207 - __main__ - INFO -        Creating parameter dictionary
2024-03-26 17:43:01,207 - __main__ - INFO -        Created parameter dictionary
2024-03-26 17:43:01,207 - __main__ - INFO -        Running regression
2024-03-26 17:43:01,208 - __main__ - INFO -        handlers added
2024-03-26 17:43:01,208 - __main__ - INFO -        creating RR instance
2024-03-26 17:44:01,415 - __main__ - INFO -        running main
2024-03-26 17:50:21,798 - regression_class_politics_logistic - INFO - Running FSS
2024-03-26 17:50:22,057 - regression_class_politics_logistic - INFO - Model 1
2024-03-26 17:50:22,084 - regression_class_politics_logistic - INFO - Model 2
2024-03-26 17:50:22,108 - regression_class_politics_logistic - INFO - Model 3
2024-03-26 17:50:22,135 - regression_class_politics_logistic - INFO - Model 4
2024-03-26 17:50:22,165 - regression_class_politics_logistic - INFO - Model 5
2024-03-26 17:50:22,197 - regression_class_politics_logistic - INFO - Model 6
2024-03-26 17:50:22,232 - regression_class_politics_logistic - INFO - Model 7
2024-03-26 17:50:22,269 - regression_class_politics_logistic - INFO - Model 8
2024-03-26 17:50:22,309 - __main__ - INFO -   Pickling politics_logistic results
2024-03-26 17:50:24,806 - __main__ - INFO -   politics_logistic FINISHED
2024-03-26 17:50:24,806 - __main__ - INFO -        Finished running regression
2024-03-26 17:50:24,806 - __main__ - INFO -   # linear #
2024-03-26 17:50:24,806 - __main__ - INFO -        Creating parameter dictionary
2024-03-26 17:50:24,806 - __main__ - INFO -        Created parameter dictionary
2024-03-26 17:50:24,806 - __main__ - INFO -        Running regression
2024-03-26 17:50:24,806 - __main__ - INFO -        handlers added
2024-03-26 17:50:24,806 - __main__ - INFO -        creating RR instance
2024-03-26 17:51:22,694 - __main__ - INFO -        running main
2024-03-26 17:57:39,590 - regression_class_politics_linear - INFO - Running FSS
2024-03-26 17:57:39,662 - regression_class_politics_linear - INFO - Model 1
2024-03-26 17:57:39,672 - regression_class_politics_linear - INFO - Model 2
2024-03-26 17:57:39,682 - regression_class_politics_linear - INFO - Model 3
2024-03-26 17:57:39,694 - regression_class_politics_linear - INFO - Model 4
2024-03-26 17:57:39,711 - regression_class_politics_linear - INFO - Model 5
2024-03-26 17:57:39,732 - regression_class_politics_linear - INFO - Model 6
2024-03-26 17:57:39,755 - regression_class_politics_linear - INFO - Model 7
2024-03-26 17:57:39,780 - regression_class_politics_linear - INFO - Model 8
2024-03-26 17:57:39,807 - __main__ - INFO -   Pickling politics_linear results
2024-03-26 17:57:42,269 - __main__ - INFO -   politics_linear FINISHED
2024-03-26 17:57:42,270 - __main__ - INFO -        Finished running regression
2024-03-26 17:57:42,270 - __main__ - INFO -   # mnlogit #
2024-03-26 17:57:42,270 - __main__ - INFO -        Creating parameter dictionary
2024-03-26 17:57:42,270 - __main__ - INFO -        Created parameter dictionary
2024-03-26 17:57:42,270 - __main__ - INFO -        Running regression
2024-03-26 17:57:42,270 - __main__ - INFO -        handlers added
2024-03-26 17:57:42,270 - __main__ - INFO -        creating RR instance
2024-03-26 17:58:39,920 - __main__ - INFO -        running main
2024-03-26 18:04:59,375 - regression_class_politics_mnlogit - INFO - Running FSS
2024-03-26 18:04:59,778 - regression_class_politics_mnlogit - INFO - Model 1
2024-03-26 18:04:59,900 - regression_class_politics_mnlogit - INFO - Model 2
2024-03-26 18:05:00,029 - regression_class_politics_mnlogit - INFO - Model 3
2024-03-26 18:05:00,165 - regression_class_politics_mnlogit - INFO - Model 4
2024-03-26 18:05:00,304 - regression_class_politics_mnlogit - INFO - Model 5
2024-03-26 18:05:00,442 - regression_class_politics_mnlogit - INFO - Model 6
2024-03-26 18:05:00,582 - regression_class_politics_mnlogit - INFO - Model 7
2024-03-26 18:05:00,725 - regression_class_politics_mnlogit - INFO - Model 8
2024-03-26 18:05:00,874 - __main__ - INFO -   Pickling politics_mnlogit results
2024-03-26 18:05:03,365 - __main__ - INFO -   politics_mnlogit FINISHED
2024-03-26 18:05:03,366 - __main__ - INFO -        Finished running regression
2024-03-26 18:05:03,366 - __main__ - INFO -    # Deleting irrelevant data #
2024-03-26 18:05:03,366 - __main__ - INFO -    # Collecting garbage #
2024-03-26 18:05:03,407 - __main__ - INFO - FINISHED at 2024-03-26 18:05:03.407121, time taken 0:22:05.354220
