2024-03-26 16:55:02,804 - __main__ - INFO - Start time 2024-03-26 16:55:02.804481, PID 75785
2024-03-26 16:55:02,804 - __main__ - INFO - ## Reading in files ##
2024-03-26 16:55:02,804 - __main__ - INFO -    Regression infile
2024-03-26 16:55:02,831 - __main__ - INFO -    Thread infile
2024-03-26 16:55:05,965 - __main__ - INFO - ## Finished reading in files ##
2024-03-26 16:55:05,965 - __main__ - INFO - ## politics ##
2024-03-26 16:55:05,965 - __main__ - INFO -   # logistic #
2024-03-26 16:55:05,965 - __main__ - INFO -        Creating parameter dictionary
2024-03-26 16:55:05,966 - __main__ - INFO -        Created parameter dictionary
2024-03-26 16:55:05,966 - __main__ - INFO -        Running regression
2024-03-26 16:55:05,966 - __main__ - INFO -   politics_logistic
2024-03-26 16:55:05,966 - __main__ - INFO -        adding handlers
2024-03-26 16:55:05,966 - __main__ - INFO -        creating RR instance
2024-03-26 16:56:04,371 - __main__ - INFO -        running main
2024-03-26 17:01:52,798 - regression_class_politics_logistic - INFO - Running FSS
2024-03-26 17:01:53,079 - regression_class_politics_logistic - INFO - Model 1
2024-03-26 17:01:53,111 - regression_class_politics_logistic - INFO - Model 2
2024-03-26 17:01:53,167 - regression_class_politics_logistic - INFO - Model 3
2024-03-26 17:01:53,197 - regression_class_politics_logistic - INFO - Model 4
2024-03-26 17:01:53,233 - regression_class_politics_logistic - INFO - Model 5
2024-03-26 17:01:53,265 - regression_class_politics_logistic - INFO - Model 6
2024-03-26 17:01:53,304 - regression_class_politics_logistic - INFO - Model 7
2024-03-26 17:01:53,340 - regression_class_politics_logistic - INFO - Model 8
2024-03-26 17:01:53,379 - __main__ - INFO -   Pickling politics_logistic results
2024-03-26 17:01:56,171 - __main__ - INFO -   politics_logistic FINISHED
2024-03-26 17:01:56,171 - __main__ - INFO -        Finished running regression
2024-03-26 17:01:56,171 - __main__ - INFO -   # linear #
2024-03-26 17:01:56,171 - __main__ - INFO -        Creating parameter dictionary
2024-03-26 17:01:56,171 - __main__ - INFO -        Created parameter dictionary
2024-03-26 17:01:56,171 - __main__ - INFO -        Running regression
2024-03-26 17:01:56,171 - __main__ - INFO -   politics_linear
2024-03-26 17:01:56,171 - __main__ - INFO -        adding handlers
2024-03-26 17:01:56,171 - __main__ - INFO -        creating RR instance
2024-03-26 17:02:57,247 - __main__ - INFO -        running main
2024-03-26 17:08:44,881 - regression_class_politics_linear - INFO - Running FSS
2024-03-26 17:08:45,011 - regression_class_politics_linear - INFO - Model 1
2024-03-26 17:08:45,034 - regression_class_politics_linear - INFO - Model 2
2024-03-26 17:08:45,065 - regression_class_politics_linear - INFO - Model 3
2024-03-26 17:08:45,099 - regression_class_politics_linear - INFO - Model 4
2024-03-26 17:08:45,136 - regression_class_politics_linear - INFO - Model 5
2024-03-26 17:08:45,160 - regression_class_politics_linear - INFO - Model 6
2024-03-26 17:08:45,183 - regression_class_politics_linear - INFO - Model 7
2024-03-26 17:08:45,211 - regression_class_politics_linear - INFO - Model 8
2024-03-26 17:08:45,253 - __main__ - INFO -   Pickling politics_linear results
2024-03-26 17:08:48,017 - __main__ - INFO -   politics_linear FINISHED
2024-03-26 17:08:48,017 - __main__ - INFO -        Finished running regression
2024-03-26 17:08:48,017 - __main__ - INFO -   # mnlogit #
2024-03-26 17:08:48,017 - __main__ - INFO -        Creating parameter dictionary
2024-03-26 17:08:48,018 - __main__ - INFO -        Created parameter dictionary
2024-03-26 17:08:48,018 - __main__ - INFO -        Running regression
2024-03-26 17:08:48,018 - __main__ - INFO -   politics_mnlogit
2024-03-26 17:08:48,018 - __main__ - INFO -        adding handlers
2024-03-26 17:08:48,018 - __main__ - INFO -        creating RR instance
2024-03-26 17:09:48,209 - __main__ - INFO -        running main
2024-03-26 17:15:19,966 - regression_class_politics_mnlogit - INFO - Running FSS
2024-03-26 17:15:20,330 - regression_class_politics_mnlogit - INFO - Model 1
2024-03-26 17:15:20,444 - regression_class_politics_mnlogit - INFO - Model 2
2024-03-26 17:15:20,562 - regression_class_politics_mnlogit - INFO - Model 3
2024-03-26 17:15:20,688 - regression_class_politics_mnlogit - INFO - Model 4
2024-03-26 17:15:20,817 - regression_class_politics_mnlogit - INFO - Model 5
2024-03-26 17:15:20,958 - regression_class_politics_mnlogit - INFO - Model 6
2024-03-26 17:15:21,093 - regression_class_politics_mnlogit - INFO - Model 7
2024-03-26 17:15:21,229 - regression_class_politics_mnlogit - INFO - Model 8
2024-03-26 17:15:21,370 - __main__ - INFO -   Pickling politics_mnlogit results
2024-03-26 17:15:24,052 - __main__ - INFO -   politics_mnlogit FINISHED
2024-03-26 17:15:24,052 - __main__ - INFO -        Finished running regression
2024-03-26 17:15:24,060 - __main__ - INFO - FINISHED at 2024-03-26 17:15:24.060568, time taken 0:20:21.256116
