2024-03-26 20:56:21,599 - __main__ - INFO - Start time 2024-03-26 20:56:21.599688, PID 241923
2024-03-26 20:56:21,600 - __main__ - INFO - ## Reading in files ##
2024-03-26 20:56:21,600 - __main__ - INFO -    Regression infile
2024-03-26 20:56:21,619 - __main__ - INFO -    Thread infile
2024-03-26 20:56:24,453 - __main__ - INFO - ## Finished reading in files ##
2024-03-26 20:56:24,453 - __main__ - INFO - ## Deleting irrelevant data ##
2024-03-26 20:56:24,521 - __main__ - INFO - ## Collecting garbage ##
2024-03-26 20:56:24,579 - __main__ - INFO - ## politics ##
2024-03-26 20:56:24,579 - __main__ - INFO -   # logistic #
2024-03-26 20:56:24,579 - __main__ - INFO -        Creating parameter dictionary
2024-03-26 20:56:24,579 - __main__ - INFO -        Created parameter dictionary
2024-03-26 20:56:24,579 - __main__ - INFO -        Running regression
2024-03-26 20:56:24,579 - __main__ - INFO -        handlers added
2024-03-26 20:56:24,579 - __main__ - INFO -        creating RR instance
2024-03-26 20:57:23,901 - __main__ - INFO -        running main
2024-03-26 21:03:59,590 - regression_class_politics_logistic - INFO - Running FSS
2024-03-26 21:04:00,059 - regression_class_politics_logistic - INFO - Model 1
2024-03-26 21:04:00,090 - regression_class_politics_logistic - INFO - Model 2
2024-03-26 21:04:00,120 - regression_class_politics_logistic - INFO - Model 3
2024-03-26 21:04:00,152 - regression_class_politics_logistic - INFO - Model 4
2024-03-26 21:04:00,189 - regression_class_politics_logistic - INFO - Model 5
2024-03-26 21:04:00,234 - regression_class_politics_logistic - INFO - Model 6
2024-03-26 21:04:00,276 - regression_class_politics_logistic - INFO - Model 7
2024-03-26 21:04:00,319 - regression_class_politics_logistic - INFO - Model 8
2024-03-26 21:04:00,369 - __main__ - INFO -   Pickling politics_logistic results
2024-03-26 21:04:02,967 - __main__ - INFO -   politics_logistic FINISHED
2024-03-26 21:04:02,967 - __main__ - INFO -        Finished running regression
2024-03-26 21:04:02,967 - __main__ - INFO -   # linear #
2024-03-26 21:04:02,967 - __main__ - INFO -        Creating parameter dictionary
2024-03-26 21:04:02,968 - __main__ - INFO -        Created parameter dictionary
2024-03-26 21:04:02,968 - __main__ - INFO -        Running regression
2024-03-26 21:04:02,968 - __main__ - INFO -        handlers added
2024-03-26 21:04:02,968 - __main__ - INFO -        creating RR instance
2024-03-26 21:05:02,062 - __main__ - INFO -        running main
2024-03-26 21:11:28,796 - regression_class_politics_linear - INFO - Running FSS
2024-03-26 21:11:28,899 - regression_class_politics_linear - INFO - Model 1
2024-03-26 21:11:28,913 - regression_class_politics_linear - INFO - Model 2
2024-03-26 21:11:28,929 - regression_class_politics_linear - INFO - Model 3
2024-03-26 21:11:28,946 - regression_class_politics_linear - INFO - Model 4
2024-03-26 21:11:28,974 - regression_class_politics_linear - INFO - Model 5
2024-03-26 21:11:28,997 - regression_class_politics_linear - INFO - Model 6
2024-03-26 21:11:29,022 - regression_class_politics_linear - INFO - Model 7
2024-03-26 21:11:29,048 - regression_class_politics_linear - INFO - Model 8
2024-03-26 21:11:29,087 - __main__ - INFO -   Pickling politics_linear results
2024-03-26 21:11:31,571 - __main__ - INFO -   politics_linear FINISHED
2024-03-26 21:11:31,571 - __main__ - INFO -        Finished running regression
2024-03-26 21:11:31,571 - __main__ - INFO -   # mnlogit #
2024-03-26 21:11:31,571 - __main__ - INFO -        Creating parameter dictionary
2024-03-26 21:11:31,571 - __main__ - INFO -        Created parameter dictionary
2024-03-26 21:11:31,571 - __main__ - INFO -        Running regression
2024-03-26 21:11:31,571 - __main__ - INFO -        handlers added
2024-03-26 21:11:31,571 - __main__ - INFO -        creating RR instance
2024-03-26 21:12:30,318 - __main__ - INFO -        running main
2024-03-26 21:18:56,516 - regression_class_politics_mnlogit - INFO - Running FSS
2024-03-26 21:18:57,150 - regression_class_politics_mnlogit - INFO - Model 1
2024-03-26 21:18:57,263 - regression_class_politics_mnlogit - INFO - Model 2
2024-03-26 21:18:57,425 - regression_class_politics_mnlogit - INFO - Model 3
2024-03-26 21:18:57,596 - regression_class_politics_mnlogit - INFO - Model 4
2024-03-26 21:18:57,769 - regression_class_politics_mnlogit - INFO - Model 5
2024-03-26 21:18:57,946 - regression_class_politics_mnlogit - INFO - Model 6
2024-03-26 21:18:58,143 - regression_class_politics_mnlogit - INFO - Model 7
2024-03-26 21:18:58,345 - regression_class_politics_mnlogit - INFO - Model 8
2024-03-26 21:18:58,540 - __main__ - INFO -   Pickling politics_mnlogit results
2024-03-26 21:19:01,033 - __main__ - INFO -   politics_mnlogit FINISHED
2024-03-26 21:19:01,034 - __main__ - INFO -        Finished running regression
2024-03-26 21:19:01,034 - __main__ - INFO -    # Deleting irrelevant data #
2024-03-26 21:19:01,034 - __main__ - INFO -    # Collecting garbage #
2024-03-26 21:19:01,075 - __main__ - INFO - FINISHED at 2024-03-26 21:19:01.075476, time taken 0:22:39.475807
