2024-04-09 17:18:25,679 - __main__ - INFO - Logfile: regression_outputs/09_04_2024__communal_processing.log
2024-04-09 17:18:25,679 - __main__ - INFO - Starting
2024-04-09 17:18:25,679 - __main__ - INFO - # c7_m7
2024-04-09 17:18:25,679 - __main__ - INFO - Finding filepaths and making output directories
2024-04-09 17:18:25,679 - __main__ - INFO - # c7_m7 completed
2024-04-09 17:18:25,679 - __main__ - INFO - # c7_m14
2024-04-09 17:18:25,679 - __main__ - INFO - Finding filepaths and making output directories
2024-04-09 17:18:25,679 - __main__ - INFO - # c7_m14 completed
2024-04-09 17:18:25,679 - __main__ - INFO - # c14_m7
2024-04-09 17:18:25,679 - __main__ - INFO - Finding filepaths and making output directories
2024-04-09 17:18:25,679 - __main__ - INFO - # c14_m7 completed
2024-04-09 17:18:25,680 - __main__ - INFO - Graphing combined plots
2024-04-09 17:18:25,680 - __main__ - INFO - Getting file names
2024-04-09 17:18:25,680 - __main__ - INFO -     crypto_linear
2024-04-09 17:18:26,274 - __main__ - INFO -         Plotting r2
2024-04-09 17:18:26,587 - __main__ - INFO -         Done plotting metrics
2024-04-09 17:18:26,587 - __main__ - INFO -     conspiracy_mnlogit
2024-04-09 17:18:27,214 - __main__ - INFO -         Plotting mnlogit_accuracy
2024-04-09 17:18:27,345 - __main__ - INFO -         Plotting mnlogit_mean_auc
2024-04-09 17:18:27,475 - __main__ - INFO -         Done plotting metrics
2024-04-09 17:18:27,475 - __main__ - INFO -     conspiracy_linear
2024-04-09 17:18:28,089 - __main__ - INFO -         Plotting r2
2024-04-09 17:18:28,211 - __main__ - INFO -         Done plotting metrics
2024-04-09 17:18:28,211 - __main__ - INFO -     books_logistic
2024-04-09 17:18:28,537 - __main__ - INFO -         Plotting auc
2024-04-09 17:18:28,671 - __main__ - INFO -         Done plotting metrics
2024-04-09 17:18:28,671 - __main__ - INFO -     books_linear
2024-04-09 17:18:29,038 - __main__ - INFO -         Plotting r2
2024-04-09 17:18:29,180 - __main__ - INFO -         Done plotting metrics
2024-04-09 17:18:29,180 - __main__ - INFO -     crypto_mnlogit
2024-04-09 17:18:29,826 - __main__ - INFO -         Plotting mnlogit_accuracy
2024-04-09 17:18:29,969 - __main__ - INFO -         Plotting mnlogit_mean_auc
2024-04-09 17:18:30,120 - __main__ - INFO -         Done plotting metrics
2024-04-09 17:18:30,120 - __main__ - INFO -     politics_mnlogit
2024-04-09 17:18:34,020 - __main__ - INFO -         Plotting mnlogit_accuracy
2024-04-09 17:18:34,167 - __main__ - INFO -         Plotting mnlogit_mean_auc
2024-04-09 17:18:34,309 - __main__ - INFO -         Done plotting metrics
2024-04-09 17:18:34,309 - __main__ - INFO -     books_mnlogit
2024-04-09 17:18:35,158 - __main__ - INFO -         Plotting mnlogit_accuracy
2024-04-09 17:18:35,313 - __main__ - INFO -         Plotting mnlogit_mean_auc
2024-04-09 17:18:35,441 - __main__ - INFO -         Done plotting metrics
2024-04-09 17:18:35,442 - __main__ - INFO -     crypto_logistic
2024-04-09 17:18:36,046 - __main__ - INFO -         Plotting auc
2024-04-09 17:18:36,197 - __main__ - INFO -         Done plotting metrics
2024-04-09 17:18:36,197 - __main__ - INFO -     politics_logistic
2024-04-09 17:18:40,669 - __main__ - INFO -         Plotting auc
2024-04-09 17:18:40,827 - __main__ - INFO -         Done plotting metrics
2024-04-09 17:18:40,828 - __main__ - INFO -     conspiracy_logistic
2024-04-09 17:18:41,889 - __main__ - INFO -         Plotting auc
2024-04-09 17:18:42,026 - __main__ - INFO -         Done plotting metrics
2024-04-09 17:18:42,026 - __main__ - INFO -     politics_linear
2024-04-09 17:18:46,426 - __main__ - INFO -         Plotting r2
2024-04-09 17:18:46,551 - __main__ - INFO -         Done plotting metrics
2024-04-09 17:18:47,167 - __main__ - INFO - Finished making common plots - all saved to regression_outputs/09_04_2024_graphs
2024-04-09 17:18:47,167 - __main__ - INFO - FINISHED
