2024-04-09 16:10:27,598 - regression_class_books_linear - INFO - Running FSS
2024-04-09 16:10:27,764 - py.warnings - WARNING - /home/cara/anaconda3/envs/redditenv/lib/python3.10/site-packages/numpy/core/_methods.py:269: RuntimeWarning: Degrees of freedom <= 0 for slice
  ret = _var(a, axis=axis, dtype=dtype, out=out, ddof=ddof,

2024-04-09 16:10:27,764 - py.warnings - WARNING - /home/cara/anaconda3/envs/redditenv/lib/python3.10/site-packages/numpy/core/_methods.py:261: RuntimeWarning: invalid value encountered in scalar divide
  ret = ret.dtype.type(ret / rcount)

2024-04-09 16:10:27,767 - py.warnings - WARNING - /home/cara/anaconda3/envs/redditenv/lib/python3.10/site-packages/numpy/core/_methods.py:269: RuntimeWarning: Degrees of freedom <= 0 for slice
  ret = _var(a, axis=axis, dtype=dtype, out=out, ddof=ddof,

2024-04-09 16:10:27,767 - py.warnings - WARNING - /home/cara/anaconda3/envs/redditenv/lib/python3.10/site-packages/numpy/core/_methods.py:261: RuntimeWarning: invalid value encountered in scalar divide
  ret = ret.dtype.type(ret / rcount)

2024-04-09 16:10:27,769 - regression_class_books_linear - INFO - Model 1
2024-04-09 16:10:27,858 - regression_class_books_linear - INFO - Model 2
2024-04-09 16:10:27,888 - regression_class_books_linear - INFO - Model 3
2024-04-09 16:10:27,916 - regression_class_books_linear - INFO - Model 4
2024-04-09 16:10:27,950 - regression_class_books_linear - INFO - Model 5
2024-04-09 16:10:27,985 - regression_class_books_linear - INFO - Model 6
2024-04-09 16:10:28,034 - regression_class_books_linear - INFO - Model 7
2024-04-09 16:10:28,108 - regression_class_books_linear - INFO - Model 8
2024-04-09 16:10:28,199 - regression_class_books_linear - INFO - Model 9
2024-04-09 16:10:28,286 - regression_class_books_linear - INFO - Model 10
2024-04-09 16:11:25,949 - py.warnings - WARNING - /home/cara/anaconda3/envs/redditenv/lib/python3.10/site-packages/numpy/core/_methods.py:269: RuntimeWarning: Degrees of freedom <= 0 for slice
  ret = _var(a, axis=axis, dtype=dtype, out=out, ddof=ddof,

2024-04-09 16:11:25,949 - py.warnings - WARNING - /home/cara/anaconda3/envs/redditenv/lib/python3.10/site-packages/numpy/core/_methods.py:261: RuntimeWarning: invalid value encountered in scalar divide
  ret = ret.dtype.type(ret / rcount)

2024-04-09 16:11:25,950 - py.warnings - WARNING - /home/cara/anaconda3/envs/redditenv/lib/python3.10/site-packages/numpy/core/_methods.py:269: RuntimeWarning: Degrees of freedom <= 0 for slice
  ret = _var(a, axis=axis, dtype=dtype, out=out, ddof=ddof,

2024-04-09 16:11:25,950 - py.warnings - WARNING - /home/cara/anaconda3/envs/redditenv/lib/python3.10/site-packages/numpy/core/_methods.py:261: RuntimeWarning: invalid value encountered in scalar divide
  ret = ret.dtype.type(ret / rcount)

