2024-04-09 16:06:56,177 - regression_class_books_linear - INFO - Running FSS
2024-04-09 16:06:56,367 - py.warnings - WARNING - /home/cara/anaconda3/envs/redditenv/lib/python3.10/site-packages/numpy/core/_methods.py:269: RuntimeWarning: Degrees of freedom <= 0 for slice
  ret = _var(a, axis=axis, dtype=dtype, out=out, ddof=ddof,

2024-04-09 16:06:56,368 - py.warnings - WARNING - /home/cara/anaconda3/envs/redditenv/lib/python3.10/site-packages/numpy/core/_methods.py:261: RuntimeWarning: invalid value encountered in scalar divide
  ret = ret.dtype.type(ret / rcount)

2024-04-09 16:06:56,371 - py.warnings - WARNING - /home/cara/anaconda3/envs/redditenv/lib/python3.10/site-packages/numpy/core/_methods.py:269: RuntimeWarning: Degrees of freedom <= 0 for slice
  ret = _var(a, axis=axis, dtype=dtype, out=out, ddof=ddof,

2024-04-09 16:06:56,371 - py.warnings - WARNING - /home/cara/anaconda3/envs/redditenv/lib/python3.10/site-packages/numpy/core/_methods.py:261: RuntimeWarning: invalid value encountered in scalar divide
  ret = ret.dtype.type(ret / rcount)

2024-04-09 16:06:56,373 - regression_class_books_linear - INFO - Model 1
2024-04-09 16:06:56,395 - regression_class_books_linear - INFO - Model 2
2024-04-09 16:06:56,427 - regression_class_books_linear - INFO - Model 3
2024-04-09 16:06:56,451 - regression_class_books_linear - INFO - Model 4
2024-04-09 16:06:56,479 - regression_class_books_linear - INFO - Model 5
2024-04-09 16:06:56,508 - regression_class_books_linear - INFO - Model 6
2024-04-09 16:06:56,535 - regression_class_books_linear - INFO - Model 7
2024-04-09 16:06:56,570 - regression_class_books_linear - INFO - Model 8
2024-04-09 16:06:56,610 - regression_class_books_linear - INFO - Model 9
2024-04-09 16:06:56,661 - regression_class_books_linear - INFO - Model 10
2024-04-09 16:07:47,348 - py.warnings - WARNING - /home/cara/anaconda3/envs/redditenv/lib/python3.10/site-packages/numpy/core/_methods.py:269: RuntimeWarning: Degrees of freedom <= 0 for slice
  ret = _var(a, axis=axis, dtype=dtype, out=out, ddof=ddof,

2024-04-09 16:07:47,348 - py.warnings - WARNING - /home/cara/anaconda3/envs/redditenv/lib/python3.10/site-packages/numpy/core/_methods.py:261: RuntimeWarning: invalid value encountered in scalar divide
  ret = ret.dtype.type(ret / rcount)

2024-04-09 16:07:47,350 - py.warnings - WARNING - /home/cara/anaconda3/envs/redditenv/lib/python3.10/site-packages/numpy/core/_methods.py:269: RuntimeWarning: Degrees of freedom <= 0 for slice
  ret = _var(a, axis=axis, dtype=dtype, out=out, ddof=ddof,

2024-04-09 16:07:47,350 - py.warnings - WARNING - /home/cara/anaconda3/envs/redditenv/lib/python3.10/site-packages/numpy/core/_methods.py:261: RuntimeWarning: invalid value encountered in scalar divide
  ret = ret.dtype.type(ret / rcount)

