2024-04-09 16:24:34,962 - __main__ - INFO - Start time 2024-04-09 16:24:34.962396, PID 26353
2024-04-09 16:24:34,962 - __main__ - INFO - ## Reading in files ##
2024-04-09 16:24:34,962 - __main__ - INFO -    Regression infile
2024-04-09 16:24:34,986 - __main__ - INFO -    Thread infile
2024-04-09 16:24:38,261 - __main__ - INFO - ## Finished reading in files ##
2024-04-09 16:24:38,261 - __main__ - INFO - ## Deleting irrelevant data ##
2024-04-09 16:24:38,328 - __main__ - INFO - ## Collecting garbage ##
2024-04-09 16:24:38,374 - __main__ - INFO - ## politics ##
2024-04-09 16:24:38,374 - __main__ - INFO -   # logistic #
2024-04-09 16:24:38,375 - __main__ - INFO -        Creating parameter dictionary
2024-04-09 16:24:38,375 - __main__ - INFO -        Created parameter dictionary
2024-04-09 16:24:38,375 - __main__ - INFO -        Running regression
2024-04-09 16:24:38,383 - __main__ - INFO -        handlers added
2024-04-09 16:24:38,383 - __main__ - INFO -        creating RR instance
2024-04-09 16:25:39,278 - __main__ - INFO -        running main
2024-04-09 16:28:24,971 - regression_class_politics_logistic - INFO - Running FSS
2024-04-09 16:28:25,367 - regression_class_politics_logistic - INFO - Model 1
2024-04-09 16:28:25,393 - regression_class_politics_logistic - INFO - Model 2
2024-04-09 16:28:25,419 - regression_class_politics_logistic - INFO - Model 3
2024-04-09 16:28:25,446 - regression_class_politics_logistic - INFO - Model 4
2024-04-09 16:28:25,475 - regression_class_politics_logistic - INFO - Model 5
2024-04-09 16:28:25,507 - regression_class_politics_logistic - INFO - Model 6
2024-04-09 16:28:25,542 - regression_class_politics_logistic - INFO - Model 7
2024-04-09 16:28:25,578 - regression_class_politics_logistic - INFO - Model 8
2024-04-09 16:28:25,617 - regression_class_politics_logistic - INFO - Model 9
2024-04-09 16:28:25,677 - regression_class_politics_logistic - INFO - Model 10
2024-04-09 16:28:25,756 - __main__ - INFO -   Pickling politics_logistic results
2024-04-09 16:28:28,507 - __main__ - INFO -   politics_logistic FINISHED
2024-04-09 16:28:28,507 - __main__ - INFO -        Finished running regression
2024-04-09 16:28:28,507 - __main__ - INFO -   # linear #
2024-04-09 16:28:28,507 - __main__ - INFO -        Creating parameter dictionary
2024-04-09 16:28:28,507 - __main__ - INFO -        Created parameter dictionary
2024-04-09 16:28:28,507 - __main__ - INFO -        Running regression
2024-04-09 16:28:28,515 - __main__ - INFO -        handlers added
2024-04-09 16:28:28,515 - __main__ - INFO -        creating RR instance
2024-04-09 16:29:27,131 - __main__ - INFO -        running main
2024-04-09 16:32:06,929 - regression_class_politics_linear - INFO - Running FSS
2024-04-09 16:32:07,027 - regression_class_politics_linear - INFO - Model 1
2024-04-09 16:32:07,039 - regression_class_politics_linear - INFO - Model 2
2024-04-09 16:32:07,056 - regression_class_politics_linear - INFO - Model 3
2024-04-09 16:32:07,088 - regression_class_politics_linear - INFO - Model 4
2024-04-09 16:32:07,115 - regression_class_politics_linear - INFO - Model 5
2024-04-09 16:32:07,136 - regression_class_politics_linear - INFO - Model 6
2024-04-09 16:32:07,166 - regression_class_politics_linear - INFO - Model 7
2024-04-09 16:32:07,193 - regression_class_politics_linear - INFO - Model 8
2024-04-09 16:32:07,221 - regression_class_politics_linear - INFO - Model 9
2024-04-09 16:32:07,251 - regression_class_politics_linear - INFO - Model 10
2024-04-09 16:32:07,282 - __main__ - INFO -   Pickling politics_linear results
2024-04-09 16:32:09,907 - __main__ - INFO -   politics_linear FINISHED
2024-04-09 16:32:09,907 - __main__ - INFO -        Finished running regression
2024-04-09 16:32:09,907 - __main__ - INFO -   # mnlogit #
2024-04-09 16:32:09,907 - __main__ - INFO -        Creating parameter dictionary
2024-04-09 16:32:09,907 - __main__ - INFO -        Created parameter dictionary
2024-04-09 16:32:09,907 - __main__ - INFO -        Running regression
2024-04-09 16:32:09,907 - __main__ - INFO -        handlers added
2024-04-09 16:32:09,907 - __main__ - INFO -        creating RR instance
2024-04-09 16:33:10,038 - __main__ - INFO -        running main
2024-04-09 16:35:56,590 - regression_class_politics_mnlogit - INFO - Running FSS
2024-04-09 16:35:57,127 - regression_class_politics_mnlogit - INFO - Model 1
2024-04-09 16:35:57,244 - regression_class_politics_mnlogit - INFO - Model 2
2024-04-09 16:35:57,364 - regression_class_politics_mnlogit - INFO - Model 3
2024-04-09 16:35:57,491 - regression_class_politics_mnlogit - INFO - Model 4
2024-04-09 16:35:57,620 - regression_class_politics_mnlogit - INFO - Model 5
2024-04-09 16:35:57,751 - regression_class_politics_mnlogit - INFO - Model 6
2024-04-09 16:35:57,885 - regression_class_politics_mnlogit - INFO - Model 7
2024-04-09 16:35:58,021 - regression_class_politics_mnlogit - INFO - Model 8
2024-04-09 16:35:58,162 - regression_class_politics_mnlogit - INFO - Model 9
2024-04-09 16:35:58,305 - regression_class_politics_mnlogit - INFO - Model 10
2024-04-09 16:35:58,453 - __main__ - INFO -   Pickling politics_mnlogit results
2024-04-09 16:36:01,138 - __main__ - INFO -   politics_mnlogit FINISHED
2024-04-09 16:36:01,139 - __main__ - INFO -        Finished running regression
2024-04-09 16:36:01,139 - __main__ - INFO -    # Deleting irrelevant data #
2024-04-09 16:36:01,139 - __main__ - INFO -    # Collecting garbage #
2024-04-09 16:36:01,184 - __main__ - INFO - FINISHED at 2024-04-09 16:36:01.184803, time taken 0:11:26.222427
