2024-03-25 21:43:24,652 - __main__ - INFO - Start time 2024-03-25 21:43:24.644573, PID 45178
2024-03-25 21:43:24,653 - __main__ - INFO - ## Reading in files ##
2024-03-25 21:43:24,653 - __main__ - INFO -    Regression infile
2024-03-25 21:43:24,686 - __main__ - INFO -    Thread infile
2024-03-25 21:43:27,621 - __main__ - INFO - ## Finished reading in files ##
2024-03-25 21:43:27,621 - __main__ - INFO - ## Creating parameter dictionaries ##
2024-03-25 21:43:27,621 - __main__ - INFO - ## Finished creating parameter dictionaries ##
2024-03-25 21:43:27,621 - __main__ - INFO - ## Starting pool processes ##
2024-03-25 21:43:28,073 - __main__ - INFO -   books_mnlogit
2024-03-25 21:43:29,246 - __main__ - INFO -   crypto_mnlogit
2024-03-25 21:43:30,205 - __main__ - INFO -   conspiracy_mnlogit
2024-03-25 21:43:37,481 - __main__ - INFO -   Pickling books_mnlogit results
2024-03-25 21:43:37,526 - __main__ - INFO -   books_mnlogit FINISHED
2024-03-25 21:43:43,454 - __main__ - INFO -   politics_mnlogit
2024-03-25 21:44:05,489 - __main__ - INFO -   Pickling conspiracy_mnlogit results
2024-03-25 21:44:05,687 - __main__ - INFO -   conspiracy_mnlogit FINISHED
2024-03-25 21:44:06,942 - __main__ - INFO -   Pickling crypto_mnlogit results
2024-03-25 21:44:07,136 - __main__ - INFO -   crypto_mnlogit FINISHED
2024-03-25 21:51:11,583 - __main__ - INFO -   Pickling politics_mnlogit results
2024-03-25 21:51:14,150 - __main__ - INFO -   politics_mnlogit FINISHED
2024-03-25 21:51:14,383 - __main__ - INFO - ## Finished pool processes ##
2024-03-25 21:51:14,383 - __main__ - INFO - FINISHED at 2024-03-25 21:51:14.383553, time taken 0:07:49.739036
