2024-03-13 20:15:37,494 - regression_class_books_mnlogit - INFO - Running FSS
2024-03-13 20:15:37,784 - py.warnings - WARNING - /home/cara/anaconda3/envs/redditenv/lib/python3.10/site-packages/numpy/core/_methods.py:269: RuntimeWarning: Degrees of freedom <= 0 for slice
  ret = _var(a, axis=axis, dtype=dtype, out=out, ddof=ddof,

2024-03-13 20:15:37,785 - py.warnings - WARNING - /home/cara/anaconda3/envs/redditenv/lib/python3.10/site-packages/numpy/core/_methods.py:261: RuntimeWarning: invalid value encountered in scalar divide
  ret = ret.dtype.type(ret / rcount)

2024-03-13 20:15:37,788 - py.warnings - WARNING - /home/cara/anaconda3/envs/redditenv/lib/python3.10/site-packages/numpy/core/_methods.py:269: RuntimeWarning: Degrees of freedom <= 0 for slice
  ret = _var(a, axis=axis, dtype=dtype, out=out, ddof=ddof,

2024-03-13 20:15:37,788 - py.warnings - WARNING - /home/cara/anaconda3/envs/redditenv/lib/python3.10/site-packages/numpy/core/_methods.py:261: RuntimeWarning: invalid value encountered in scalar divide
  ret = ret.dtype.type(ret / rcount)

2024-03-13 20:15:37,790 - regression_class_books_mnlogit - INFO - Model 1
2024-03-13 20:15:37,930 - regression_class_books_mnlogit - INFO - Model 2
2024-03-13 20:15:38,102 - regression_class_books_mnlogit - INFO - Model 3
2024-03-13 20:15:38,276 - regression_class_books_mnlogit - INFO - Model 4
2024-03-13 20:15:38,914 - regression_class_books_mnlogit - INFO - Model 5
2024-03-13 20:15:39,529 - regression_class_books_mnlogit - INFO - Model 6
2024-03-13 20:15:39,595 - regression_class_books_mnlogit - INFO - Model 7
2024-03-13 20:15:40,942 - regression_class_books_mnlogit - INFO - Model 8
2024-03-13 20:25:27,685 - py.warnings - WARNING - /home/cara/anaconda3/envs/redditenv/lib/python3.10/site-packages/numpy/core/_methods.py:269: RuntimeWarning: Degrees of freedom <= 0 for slice
  ret = _var(a, axis=axis, dtype=dtype, out=out, ddof=ddof,

2024-03-13 20:25:27,685 - py.warnings - WARNING - /home/cara/anaconda3/envs/redditenv/lib/python3.10/site-packages/numpy/core/_methods.py:261: RuntimeWarning: invalid value encountered in scalar divide
  ret = ret.dtype.type(ret / rcount)

2024-03-13 20:25:27,687 - py.warnings - WARNING - /home/cara/anaconda3/envs/redditenv/lib/python3.10/site-packages/numpy/core/_methods.py:269: RuntimeWarning: Degrees of freedom <= 0 for slice
  ret = _var(a, axis=axis, dtype=dtype, out=out, ddof=ddof,

2024-03-13 20:25:27,687 - py.warnings - WARNING - /home/cara/anaconda3/envs/redditenv/lib/python3.10/site-packages/numpy/core/_methods.py:261: RuntimeWarning: invalid value encountered in scalar divide
  ret = ret.dtype.type(ret / rcount)

