2024-03-13 20:15:20,956 - __main__ - INFO - ## Reading in files ##
2024-03-13 20:15:20,956 - __main__ - INFO -    Regression infile
2024-03-13 20:15:20,982 - __main__ - INFO -    Thread infile
2024-03-13 20:15:23,937 - __main__ - INFO - ## Finished reading in files ##
2024-03-13 20:15:23,937 - __main__ - INFO - ## Creating parameter dictionaries ##
2024-03-13 20:15:23,937 - __main__ - INFO - ## Finished creating parameter dictionaries ##
2024-03-13 20:15:23,937 - __main__ - INFO - ## Starting pool processes ##
2024-03-13 20:15:24,486 - __main__ - INFO -   ### books_logistic ###
2024-03-13 20:15:24,733 - __main__ - INFO -   ### books_linear ###
2024-03-13 20:15:24,998 - __main__ - INFO -   ### books_mnlogit ###
2024-03-13 20:15:26,330 - __main__ - INFO -   ### crypto_logistic ###
2024-03-13 20:15:27,815 - __main__ - INFO -   ### crypto_linear ###
2024-03-13 20:15:29,324 - __main__ - INFO -   ### crypto_mnlogit ###
2024-03-13 20:15:30,751 - __main__ - INFO -   ### conspiracy_logistic ###
2024-03-13 20:15:32,236 - __main__ - INFO -   ### conspiracy_linear ###
2024-03-13 20:15:35,377 - __main__ - INFO -   ### books_linear FINISHED ###
2024-03-13 20:15:36,232 - __main__ - INFO -   ### conspiracy_mnlogit ###
2024-03-13 20:15:36,668 - __main__ - INFO -   ### books_logistic FINISHED ###
2024-03-13 20:15:42,714 - __main__ - INFO -   ### books_mnlogit FINISHED ###
2024-03-13 20:15:58,659 - __main__ - INFO -   ### politics_logistic ###
2024-03-13 20:16:18,075 - __main__ - INFO -   ### politics_linear ###
2024-03-13 20:16:39,796 - __main__ - INFO -   ### crypto_logistic FINISHED ###
2024-03-13 20:16:40,311 - __main__ - INFO -   ### conspiracy_logistic FINISHED ###
2024-03-13 20:16:42,832 - __main__ - INFO -   ### conspiracy_linear FINISHED ###
2024-03-13 20:16:43,301 - __main__ - INFO -   ### crypto_linear FINISHED ###
2024-03-13 20:16:45,555 - __main__ - INFO -   ### politics_mnlogit ###
2024-03-13 20:16:50,493 - __main__ - INFO -   ### crypto_mnlogit FINISHED ###
2024-03-13 20:16:53,809 - __main__ - INFO -   ### conspiracy_mnlogit FINISHED ###
2024-03-13 20:25:18,281 - __main__ - INFO -   ### politics_logistic FINISHED ###
2024-03-13 20:25:27,883 - __main__ - INFO -   ### politics_linear FINISHED ###
2024-03-13 20:25:40,002 - __main__ - INFO -   ### politics_mnlogit FINISHED ###
2024-03-13 20:25:40,346 - __main__ - INFO - ## Finished pool processes ##
2024-03-13 20:25:40,346 - __main__ - INFO - ## Writing to pickle file ##
2024-03-13 20:25:40,355 - __main__ - INFO - FINISHED at 2024-03-13 20:25:40.355257, time taken 0:10:19.399471
